<?xml version="1.0" encoding="UTF-8"?>
<!-- Generated by org.testng.reporters.JUnitReportReporter -->
<testsuite hostname="DESKTOP-K1LK81S" failures="0" tests="1" name="com.simpleSeleniumProject.Test.SimpleTest" time="0.011" errors="0" timestamp="2021-06-04T14:41:27 IST" skipped="0">
  <testcase classname="com.simpleSeleniumProject.Test.SimpleTest" name="test1" time="0.011"/>
  <system-out/>
</testsuite> <!-- com.simpleSeleniumProject.Test.SimpleTest -->
