<?xml version="1.0" encoding="UTF-8"?>
<!-- Generated by org.testng.reporters.JUnitReportReporter -->
<testsuite skipped="0" hostname="DESKTOP-K1LK81S" name="com.simpleSeleniumProject.Test.SimpleTest" tests="1" failures="0" timestamp="2021-06-09T22:14:17 IST" time="0.007" errors="0">
  <testcase name="test1" time="0.007" classname="com.simpleSeleniumProject.Test.SimpleTest"/>
  <system-out/>
</testsuite> <!-- com.simpleSeleniumProject.Test.SimpleTest -->
